.NREL
B1:
;
004153
030071
025400
133000
055200
004131
102400
034360
041770
025412
125035
000404
011406
000401
041412
002562
102000
034360
041412
007751
000002
000761
034360
007751
000002
034360
021771
024226
106435
000771
000750
020210
034360
007754
000002
000153
034360
021771
007752
000002
034360
007745
000002
034360
041770
024212
106435
000402
000153
034360
007753
000002
000722
034360
007751
000002
102400
034360
041770
025771
020565
122434
000403
020563
041770
034360
021771
024560
106435
000404
024553
106434
000406
020553
034360
007752
000002
000404
034360
007751
000002
000153
020215
034360
041770
007751
000002
000153
020206
034360
041770
007751
000002
000153
020206
041202
034360
007751
000003
034360
021771
024571
106434
000403
020200
041202
034360
021771
024563
106434
000403
020561
041202
034360
021771
024556
122532
000404
024554
106533
000404
034360
007751
000003
021202
034360
007754
000003
000153
000602+B1
034360
007751
000002
034360
021771
024562
106434
000414
034360
007751
000002
034360
021771
024210
106435
000403
101434
000767
002561
000153
034360
007751
000002
034360
021771
024553
106434
000404
007751
000002
002545
034360
021771
024562
106434
000420
034360
007751
000002
034360
021771
024210
106435
000403
101434
000767
002525
000051
000022
000050
000044
034360
021771
024576
106435
000402
000153
034360
007751
000002
034360
021771
024565
106434
000415
034360
007751
000002
034360
021771
024555
106435
000771
024512
106434
000402
000414
034360
021771
024210
106434
000403
011406
000401
034360
021771
101434
000742
034360
007751
000002
002450
000102
000130
000020
000117
000067
034360
007751
000002
034360
021771
024557
106434
000403
007751
000002
000153
034360
007751
000002
034360
021771
024554
106434
000403
007751
000002
000153
000174
034360
007751
000002
034360
021771
024530
106434
000406
007751
000002
000153
000006+B1
000134
020214
034360
041770
000153
034360
007751
000002
102400
034360
035774
041400
126520
045202
000431
000057
034360
021771
024566
106434
000402
000426
021202
034360
035774
041400
034360
007756
000003
025202
041203
034360
021774
107000
021203
135000
041400
011202
000401
021202
024223
106533
000746
034360
021772
041205
000402
000052
021774
007702
000002
034360
041773
024213
045770
007751
000002
000153
034360
007751
000002
034360
007756
000002
034360
007751
000002
000153
034360
021403
101035
000403
126000
045771
034360
021771
101435
000405
007751
000002
000153
000075
034360
021403
101034
000405
024463
045770
000153
000076
034360
007656
000002
034360
021403
024453
123000
041403
025402
123000
115000
021400
034360
041405
007613
000002
034360
021403
101400
025402
123000
115000
021400
034360
041406
021403
101400
101400
123000
115000
021400
034360
041771
002604
034360
021771
024207
122532
000712
024576
106532
000707
034403
117000
003400
000610+B1
000042
000021
177775
000026+B1
000020+B1
000520+B1
000020+B1
000520+B1
000520+B1
000520+B1
000520+B1
000520+B1
000520+B1
000520+B1
000520+B1
000520+B1
000520+B1
000520+B1
000520+B1
000520+B1
000520+B1
000520+B1
000520+B1
000520+B1
000520+B1
000520+B1
000026+B1
000520+B1
000413+B1
000136+B1
000065+B1
000520+B1
000520+B1
000500+B1
000122+B1
000520+B1
000520+B1
000520+B1
000520+B1
000356+B1
000512+B1
000226+B1
000037+B1
000037+B1
000037+B1
000037+B1
000037+B1
000037+B1
000037+B1
000037+B1
000037+B1
000037+B1
000372+B1
000520+B1
000343+B1
000130+B1
000343+B1
000520+B1
000520+B1
000044+B1
000044+B1
000044+B1
000044+B1
000044+B1
000044+B1
000044+B1
000044+B1
000044+B1
000044+B1
000044+B1
000044+B1
000044+B1
000044+B1
000044+B1
000044+B1
000044+B1
000044+B1
000044+B1
000044+B1
000044+B1
000044+B1
000044+B1
000044+B1
000044+B1
000044+B1
000122+B1
000343+B1
000520+B1
000520+B1
000520+B1
000520+B1
000044+B1
000044+B1
000044+B1
000044+B1
000044+B1
000044+B1
000044+B1
000044+B1
000044+B1
000044+B1
000044+B1
000044+B1
000044+B1
000044+B1
000044+B1
000044+B1
000044+B1
000044+B1
000044+B1
000044+B1
000044+B1
000044+B1
000044+B1
000044+B1
000044+B1
000044+B1
000520+B1
000202+B1
000174
002570
002570
025400
133000
055200
004131
020360
024205
123000
041202
035202
021400
034360
041410
000437
034360
021410
024202
123000
041206
021772
007746
000003
041203
101034
000405
034360
035410
021400
000535
021203
101133
000403
102520
000403
020200
000401
034360
025410
123000
041202
115000
021400
034360
041410
034360
021410
101034
000737
025773
020202
107000
121000
007757
000003
034360
041410
024211
115000
045400
102400
034360
035410
041401
034360
035410
041402
034360
035410
041403
041203
034360
021773
041204
000423
021203
034360
025772
123000
115000
021203
024202
123000
025400
045205
034360
025410
123000
025205
115000
045400
011203
000401
021204
025203
122533
000753
034360
021410
035202
041400
034360
021413
101034
000410
126520
045206
121000
007766
000003
101035
000405
020537
034360
035410
041400
034360
035410
021400
000403
000006+B1
001753+B1
000153
025400
133000
055200
004131
126400
045207
034360
007725
000004
126400
045210
041204
021203
034360
007725
000005
041205
126520
045206
021204
041207
000443
021206
041213
021202
034360
007725
000010
025206
045214
041210
021203
034360
007725
000011
041211
025205
021206
106533
000403
102520
000433
021211
025210
122533
000403
102520
000425
021211
025210
106533
000403
102000
000417
011206
000401
021207
025206
122533
000733
021205
025204
106533
000403
102000
000403
102400
000401
000153
025400
133000
055200
004131
020505
034360
041775
020503
007750
000002
020501
034360
007750
000002
000153
000023
000000
000012
000011
000000
000000
000020
000000
000000
000010
000000
000000
000000
000000
000007
000000
000000
000000
000000
000004
000014
000000
000000
000001
000000
000000
000000
000000
000000
000000
000000
000005
000000
000000
000000
000000
000000
000000
000000
000000
000000
000000
000000
000000
000000
000000
000000
000006
000000
000000
000000
000000
000000
000000
000000
000000
000000
000000
001326+B1
001422+B1
001532+B1
107101
041123
027501
047104
027502
042457
041122
042501
045457
041131
027503
040523
042457
042117
027504
042506
040525
046124
027505
050457
042521
053057
042514
051505
027505
047104
041501
051505
027506
040514
051505
027506
047522
027506
044516
044523
044057
043517
052117
027507
042457
043522
027507
046117
041101
046057
043505
052057
044506
027511
047124
047457
046105
052057
046126
027514
042457
046123
027514
047507
047522
027514
047507
040516
042057
046117
047520
027514
051510
044506
052057
027400
124515
040516
044506
042523
052057
047105
027516
042505
042123
027516
047524
027516
042521
053057
047522
027522
042523
052514
052111
051457
051105
052125
051116
027522
042515
027522
051510
044506
052057
051126
027522
042520
042501
052057
051105
050105
040524
053510
044514
042457
051105
050105
040524
052516
052111
046057
051505
041524
044517
047057
051527
044524
041510
047516
027523
052101
052111
041457
052117
027524
042523
052057
052122
052505
027524
044105
047057
052101
041114
042457
052516
052111
046057
052516
046105
051523
027526
042503
027526
040514
047506
027527
044111
046105
027457
025400
133000
055200
004131
126520
045203
102400
041204
021203
041210
021202
034360
007725
000005
041205
024554
106434
000437
021204
101034
000402
000153
021204
034360
035774
041400
034360
021772
041211
021774
007702
000006
034360
041773
007745
000006
034360
035775
021400
034360
035410
041400
034360
011775
000401
102400
041204
000412
011204
000401
021204
034360
025774
123000
025205
115000
045400
011203
000401
000715
002577
025400
133000
055200
004131
034360
007615
000002
034360
041771
000153
025400
133000
055200
004131
126520
045203
034360
035774
041401
034360
007751
000004
034360
021771
024231
122532
000404
024232
106533
000427
034360
021771
024571
122532
000404
024567
106533
000417
034360
021771
024227
122532
000404
024230
106533
000407
034360
021771
024553
106435
000402
000414
011203
000401
021203
034360
025774
123000
025771
115000
045400
000726
000057
021203
034360
035774
041400
034360
021772
041207
021774
007702
000004
034360
041773
000153
025400
133000
055200
004131
102400
041202
034360
007744
000003
034360
021770
024213
106434
000405
021772
007652
000003
041202
021202
101034
000406
020560
034360
007765
000003
000153
034360
021403
025402
123000
025405
115000
045400
034360
021403
101400
025402
123000
025406
115000
045400
034360
021403
101400
101400
025402
123000
025771
115000
000402
002412+B1
045400
034360
021403
024201
123000
041403
102520
041406
021202
041405
021405
007613
000003
034360
007751
000003
000153
010502
040504
020107
042524
020104
044522
042503
052111
053105
000141
000172
000056
025400
133000
055200
004131
000404
034360
007751
000003
034360
021771
007755
000003
025202
122532
000767
000153
025400
133000
055200
004131
024227
122532
000407
024230
106532
000404
024573
123000
000436
021202
024231
122532
000411
024565
106532
000406
024563
123000
024210
123000
000421
021202
024723
122532
000412
024553
106532
000407
024554
123000
024210
123000
000404
002174+B1
020561
000401
000401
000401
000153
025400
133000
055200
004131
034360
021771
041202
007751
000003
021202
024210
106434
000405
020561
034360
007765
000003
021202
024555
106434
000452
034360
021771
024210
106435
000407
024226
106435
000404
024207
106434
000434
034360
021771
024210
106434
000403
011406
000401
034360
007751
000003
034360
021771
024210
106435
000762
024226
106435
000757
024207
106435
000754
007751
000003
034360
007756
000003
000406
034360
007751
000003
021202
000401
000153
005102
040504
020123
052122
044516
043400
002565
025400
133000
055200
004131
034360
025777
106400
124400
124000
045777
021776
106400
124532
000411
020561
007765
000003
002361
177720
000106
177677
000146
034360
021777
000402
177637
000153
010520
051117
043522
040515
020124
047517
020114
040522
043505
000144
025400
133000
055200
004131
102520
034360
007757
000004
041204
025202
115000
045400
021203
035204
041401
021204
000403
002404+B1
000052
000153
025400
133000
055200
004131
025204
020201
107000
045205
000404
035205
021400
041205
035205
021400
101034
000772
024201
021202
006366
025203
124000
123400
122000
041211
102400
034360
007760
000006
035205
041400
000153
025400
133000
055200
004131
126400
045204
045205
034360
041776
021203
025202
123000
041777
102400
041407
041205
041412
102520
041406
007747
000006
034360
007751
000006
034360
007744
000006
002571
003315+B1
000570
102400
041204
034360
025770
045205
034360
007744
000006
002556
002446+B1
102520
034360
041770
034360
021770
041204
007744
000006
002544
102400
041204
041205
034360
007744
000006
002535
021204
024573
106434
000403
102400
041204
034360
007744
000006
002523
021204
126520
106435
000404
024205
106434
000403
102400
041204
034360
007744
000006
000547
021204
041206
034360
025770
045207
021406
041210
021410
041211
007744
000012
034360
021770
024214
106434
000411
021204
101034
000404
020201
041206
000403
102400
041206
034360
021770
024214
106435
000404
024206
106434
000405
021205
101035
000402
041206
021204
126520
106434
000413
034360
021770
024215
106434
000403
020200
000403
102520
000401
041206
021206
024462
106434
000403
102400
041206
021207
024573
106434
000411
021206
041215
021211
041216
021210
034360
007761
000012
000442
003030+B1
034360
021770
126520
122532
000612
024551
106532
000607
034403
117000
003400
003003+B1
002616+B1
002606+B1
002606+B1
002601+B1
002601+B1
002601+B1
002616+B1
002645+B1
002645+B1
002613+B1
002662+B1
002606+B1
002606+B1
002633+B1
002606+B1
002616+B1
002606+B1
002624+B1
002662+B1
000020
034360
021770
024576
106434
002575
021407
007763
000006
021203
025202
123000
034360
025777
122400
041211
020575
007714
000006
000153
007412
051520
040503
042440
052523
042504
020045
047012
025400
133000
055200
004131
101035
000417
115000
021401
034360
007763
000003
021202
034360
007764
000003
035202
021402
034360
007763
000003
000153
025400
133000
055200
004131
115000
025400
020430
122434
000523
024202
137000
055203
035202
021403
041204
102400
041210
021203
034360
007725
000005
101400
041205
025203
045211
020553
034360
007714
000006
000410
000023
020226
034360
007616
000006
011205
000401
020204
025205
006365
101034
000766
021205
024212
122532
000762
000447
035204
021401
041206
025205
020575
106532
000407
020573
034360
007674
000007
020212
041205
024201
021206
006367
025206
034205
137400
024560
137000
041212
021400
041213
020554
034360
007714
000007
021205
024204
123000
041205
000403
000021
002600+B1
035204
021400
041204
021204
101034
000730
034360
007677
000006
000153
003053+B1
001445
051440
006412
020040
020040
020040
020040
020040
020040
003040
022511
032045
041400
000040
000126
000120
000114
000107
000115
000123
000106
025400
133000
055200
004131
034360
025406
045206
041207
020576
007714
000003
000153
005514
044516
042440
022516
020045
051412
003245+B1
002565
025400
133000
055200
004131
126400
045207
034360
021411
007725
000004
041204
025202
045210
034360
021411
007725
000005
041205
126400
045211
034360
021772
007725
000006
041206
025203
045212
034360
021772
007725
000007
041207
025206
021203
106533
000431
021204
025202
122533
000407
102000
000516
000074
003247+B1
003262+B1
003256+B1
021205
024576
106434
000411
021202
101400
025203
045213
034360
007766
000010
000476
102400
000474
021204
025202
122533
000403
102400
000466
021205
024552
106434
000424
021202
101400
025203
045213
034360
007766
000010
101035
000403
102000
000447
021203
101400
041213
021202
034360
007766
000010
000437
021207
024576
122532
000411
024576
106532
000406
024231
123000
024576
123000
041207
021205
025207
106434
000415
021202
101400
025203
125400
045213
034360
007766
000010
000402
003306+B1
000404
004075+B1
102400
000401
000153
025400
133000
055200
004131
024576
147000
045203
020205
143000
041204
020576
143000
041205
034360
021740
025737
122400
034217
157000
041435
024576
123000
041436
020206
025435
006365
034217
157000
021436
122400
041435
025203
034360
045772
021204
041774
021205
041402
102400
041403
020554
041404
102400
034217
157000
041444
021202
034360
007725
000641
034217
157000
000402
000052
041441
021202
034360
007725
000636
024210
106434
000424
102400
034217
157000
041445
021202
034360
007725
000642
100400
100000
034217
157000
041442
126400
045441
021202
034360
007726
000636
021202
034360
041411
126400
045413
034217
157000
045441
034360
021411
007725
000636
101034
000410
000402
000141
020572
000402
000172
034360
041411
102400
000402
177637
034217
157000
041441
034360
021411
007725
000636
126520
106434
000416
034217
157000
045441
034360
021411
007725
000636
024673
106434
000404
102000
034360
041413
102400
000402
177606
034217
157000
041442
034360
000402
000410
021411
007725
000637
034217
157000
041437
126520
045436
000402
177014
000442
000024
034217
157000
021436
041443
034360
021411
007725
000640
034217
157000
041440
024700
122532
000417
024700
106532
000414
024231
123000
024700
123000
041445
021436
041444
034360
021411
007726
000641
034217
157000
011436
000401
034217
157000
021437
025436
122533
000733
021435
041441
020473
034360
007714
000636
034360
021411
034217
157000
041441
020463
034360
007714
000636
034360
007620
000636
034360
041405
007613
000636
034217
157000
021435
041441
034360
021762
007650
000636
000153
000452
004040+B1
007012
053517
051113
020123
050101
041505
020045
047000
022412
041522
047523
051440
051105
043105
051105
047103
042440
052523
044516
043440
050101
052124
042522
047040
021045
051442
005012
002403
004042+B1
004052+B1
004101+B1
000000
000144
000002
000145
001010
000146
001201
000147
001306
000150
001657
000151
001754
000152
001766
000153
002070
000154
002210
000155
002230
000156
002303
000157
002413
000160
002460
000161
002504
000162
002543
000163
003063
000164
003110
000165
003272
000166
003316
000001
003506
000213
;END 
.END
